<?xml version="1.0" encoding="UTF-8"?>
<!-- Generated by org.testng.reporters.JUnitReportReporter -->
<testsuite hostname="LTIN342977" failures="0" tests="1" name="Selenium.E_Commerceproject.MainCode" time="25.949" errors="0" timestamp="2023-09-13T13:15:59 IST" skipped="0">
  <testcase classname="Selenium.E_Commerceproject.MainCode" name="CommerceTest" time="25.949"/>
</testsuite> <!-- Selenium.E_Commerceproject.MainCode -->
