<?xml version="1.0" encoding="UTF-8"?>
<!-- Generated by org.testng.reporters.JUnitReportReporter -->
<testsuite hostname="DESKTOP-TEHS0U1" failures="0" tests="1" name="runner.TestNGRunner" time="11.398" errors="0" timestamp="2025-07-11T12:09:33 IST" skipped="0">
  <testcase classname="runner.TestNGRunner" name="runScenario" time="11.398"/>
</testsuite> <!-- runner.TestNGRunner -->
